# JRE version: Java(TM) SE Runtime Environment (8.0_181-b13) (build 1.8.0_181-b13)
# Java VM: Java HotSpot(TM) 64-Bit Server VM (25.181-b13 mixed mode windows-amd64 compressed oops)
Heap:
 PSYoungGen      total 152064K, used 87977K [0x00000000eb400000, 0x00000000f5680000, 0x0000000100000000)
  eden space 138752K, 63% used [0x00000000eb400000,0x00000000f09ea5a8,0x00000000f3b80000)
  from space 13312K, 0% used [0x00000000f4980000,0x00000000f4980000,0x00000000f5680000)
  to   space 13824K, 16% used [0x00000000f3b80000,0x00000000f3dac030,0x00000000f4900000)
 ParOldGen       total 57856K, used 24748K [0x00000000c1c00000, 0x00000000c5480000, 0x00000000eb400000)
  object space 57856K, 42% used [0x00000000c1c00000,0x00000000c342b3c8,0x00000000c5480000)
 Metaspace       used 42473K, capacity 44232K, committed 44288K, reserved 1087488K
  class space    used 5283K, capacity 5618K, committed 5632K, reserved 1048576K
GC Heap History (10 events):
Event: 5.782 GC heap after
Heap after GC invocations=9 (full 1):
 PSYoungGen      total 111616K, used 7674K [0x00000000eb400000, 0x00000000f2f00000, 0x0000000100000000)
  eden space 103936K, 0% used [0x00000000eb400000,0x00000000eb400000,0x00000000f1980000)
  from space 7680K, 99% used [0x00000000f2400000,0x00000000f2b7ea80,0x00000000f2b80000)
  to   space 10752K, 0% used [0x00000000f1980000,0x00000000f1980000,0x00000000f2400000)
 ParOldGen       total 32256K, used 10513K [0x00000000c1c00000, 0x00000000c3b80000, 0x00000000eb400000)
  object space 32256K, 32% used [0x00000000c1c00000,0x00000000c26445a0,0x00000000c3b80000)
 Metaspace       used 30817K, capacity 32072K, committed 32384K, reserved 1077248K
  class space    used 3914K, capacity 4153K, committed 4224K, reserved 1048576K
}
Event: 7.095 GC heap before
{Heap before GC invocations=10 (full 1):
 PSYoungGen      total 111616K, used 81630K [0x00000000eb400000, 0x00000000f2f00000, 0x0000000100000000)
  eden space 103936K, 71% used [0x00000000eb400000,0x00000000efc39028,0x00000000f1980000)
  from space 7680K, 99% used [0x00000000f2400000,0x00000000f2b7ea80,0x00000000f2b80000)
  to   space 10752K, 0% used [0x00000000f1980000,0x00000000f1980000,0x00000000f2400000)
 ParOldGen       total 32256K, used 10513K [0x00000000c1c00000, 0x00000000c3b80000, 0x00000000eb400000)
  object space 32256K, 32% used [0x00000000c1c00000,0x00000000c26445a0,0x00000000c3b80000)
 Metaspace       used 33950K, capacity 35370K, committed 35416K, reserved 1081344K
  class space    used 4306K, capacity 4592K, committed 4608K, reserved 1048576K
Event: 7.120 GC heap after
Heap after GC invocations=10 (full 1):
 PSYoungGen      total 114688K, used 10721K [0x00000000eb400000, 0x00000000f5680000, 0x0000000100000000)
  eden space 103936K, 0% used [0x00000000eb400000,0x00000000eb400000,0x00000000f1980000)
  from space 10752K, 99% used [0x00000000f1980000,0x00000000f23f8590,0x00000000f2400000)
  to   space 13312K, 0% used [0x00000000f4980000,0x00000000f4980000,0x00000000f5680000)
 ParOldGen       total 32256K, used 13296K [0x00000000c1c00000, 0x00000000c3b80000, 0x00000000eb400000)
  object space 32256K, 41% used [0x00000000c1c00000,0x00000000c28fc240,0x00000000c3b80000)
 Metaspace       used 33950K, capacity 35370K, committed 35416K, reserved 1081344K
  class space    used 4306K, capacity 4592K, committed 4608K, reserved 1048576K
}
Event: 7.120 GC heap before
{Heap before GC invocations=11 (full 2):
 PSYoungGen      total 114688K, used 10721K [0x00000000eb400000, 0x00000000f5680000, 0x0000000100000000)
  eden space 103936K, 0% used [0x00000000eb400000,0x00000000eb400000,0x00000000f1980000)
  from space 10752K, 99% used [0x00000000f1980000,0x00000000f23f8590,0x00000000f2400000)
  to   space 13312K, 0% used [0x00000000f4980000,0x00000000f4980000,0x00000000f5680000)
 ParOldGen       total 32256K, used 13296K [0x00000000c1c00000, 0x00000000c3b80000, 0x00000000eb400000)
  object space 32256K, 41% used [0x00000000c1c00000,0x00000000c28fc240,0x00000000c3b80000)
 Metaspace       used 33950K, capacity 35370K, committed 35416K, reserved 1081344K
  class space    used 4306K, capacity 4592K, committed 4608K, reserved 1048576K
Event: 7.213 GC heap after
Heap after GC invocations=11 (full 2):
 PSYoungGen      total 114688K, used 0K [0x00000000eb400000, 0x00000000f5680000, 0x0000000100000000)
  eden space 103936K, 0% used [0x00000000eb400000,0x00000000eb400000,0x00000000f1980000)
  from space 10752K, 0% used [0x00000000f1980000,0x00000000f1980000,0x00000000f2400000)
  to   space 13312K, 0% used [0x00000000f4980000,0x00000000f4980000,0x00000000f5680000)
 ParOldGen       total 57856K, used 19843K [0x00000000c1c00000, 0x00000000c5480000, 0x00000000eb400000)
  object space 57856K, 34% used [0x00000000c1c00000,0x00000000c2f60ec0,0x00000000c5480000)
 Metaspace       used 33950K, capacity 35370K, committed 35416K, reserved 1081344K
  class space    used 4306K, capacity 4592K, committed 4608K, reserved 1048576K
}
Event: 235.929 GC heap before
{Heap before GC invocations=12 (full 2):
 PSYoungGen      total 114688K, used 91167K [0x00000000eb400000, 0x00000000f5680000, 0x0000000100000000)
  eden space 103936K, 87% used [0x00000000eb400000,0x00000000f0d07e70,0x00000000f1980000)
  from space 10752K, 0% used [0x00000000f1980000,0x00000000f1980000,0x00000000f2400000)
  to   space 13312K, 0% used [0x00000000f4980000,0x00000000f4980000,0x00000000f5680000)
 ParOldGen       total 57856K, used 19843K [0x00000000c1c00000, 0x00000000c5480000, 0x00000000eb400000)
  object space 57856K, 34% used [0x00000000c1c00000,0x00000000c2f60ec0,0x00000000c5480000)
 Metaspace       used 41104K, capacity 42812K, committed 43008K, reserved 1087488K
  class space    used 5171K, capacity 5516K, committed 5632K, reserved 1048576K
Event: 235.967 GC heap after
Heap after GC invocations=12 (full 2):
 PSYoungGen      total 152064K, used 8836K [0x00000000eb400000, 0x00000000f5680000, 0x0000000100000000)
  eden space 138752K, 0% used [0x00000000eb400000,0x00000000eb400000,0x00000000f3b80000)
  from space 13312K, 66% used [0x00000000f4980000,0x00000000f5221170,0x00000000f5680000)
  to   space 13824K, 0% used [0x00000000f3b80000,0x00000000f3b80000,0x00000000f4900000)
 ParOldGen       total 57856K, used 19851K [0x00000000c1c00000, 0x00000000c5480000, 0x00000000eb400000)
  object space 57856K, 34% used [0x00000000c1c00000,0x00000000c2f62ec0,0x00000000c5480000)
 Metaspace       used 41104K, capacity 42812K, committed 43008K, reserved 1087488K
  class space    used 5171K, capacity 5516K, committed 5632K, reserved 1048576K
}
Event: 235.967 GC heap before
{Heap before GC invocations=13 (full 3):
 PSYoungGen      total 152064K, used 8836K [0x00000000eb400000, 0x00000000f5680000, 0x0000000100000000)
  eden space 138752K, 0% used [0x00000000eb400000,0x00000000eb400000,0x00000000f3b80000)
  from space 13312K, 66% used [0x00000000f4980000,0x00000000f5221170,0x00000000f5680000)
  to   space 13824K, 0% used [0x00000000f3b80000,0x00000000f3b80000,0x00000000f4900000)
 ParOldGen       total 57856K, used 19851K [0x00000000c1c00000, 0x00000000c5480000, 0x00000000eb400000)
  object space 57856K, 34% used [0x00000000c1c00000,0x00000000c2f62ec0,0x00000000c5480000)
 Metaspace       used 41104K, capacity 42812K, committed 43008K, reserved 1087488K
  class space    used 5171K, capacity 5516K, committed 5632K, reserved 1048576K
Event: 236.119 GC heap after
Heap after GC invocations=13 (full 3):
 PSYoungGen      total 152064K, used 0K [0x00000000eb400000, 0x00000000f5680000, 0x0000000100000000)
  eden space 138752K, 0% used [0x00000000eb400000,0x00000000eb400000,0x00000000f3b80000)
  from space 13312K, 0% used [0x00000000f4980000,0x00000000f4980000,0x00000000f5680000)
  to   space 13824K, 0% used [0x00000000f3b80000,0x00000000f3b80000,0x00000000f4900000)
 ParOldGen       total 57856K, used 24740K [0x00000000c1c00000, 0x00000000c5480000, 0x00000000eb400000)
  object space 57856K, 42% used [0x00000000c1c00000,0x00000000c34293c8,0x00000000c5480000)
 Metaspace       used 41104K, capacity 42812K, committed 43008K, reserved 1087488K
  class space    used 5171K, capacity 5516K, committed 5632K, reserved 1048576K
}
Event: 493.406 GC heap before
{Heap before GC invocations=14 (full 3):
 PSYoungGen      total 152064K, used 87977K [0x00000000eb400000, 0x00000000f5680000, 0x0000000100000000)
  eden space 138752K, 63% used [0x00000000eb400000,0x00000000f09ea5a8,0x00000000f3b80000)
  from space 13312K, 0% used [0x00000000f4980000,0x00000000f4980000,0x00000000f5680000)
  to   space 13824K, 0% used [0x00000000f3b80000,0x00000000f3b80000,0x00000000f4900000)
 ParOldGen       total 57856K, used 24740K [0x00000000c1c00000, 0x00000000c5480000, 0x00000000eb400000)
  object space 57856K, 42% used [0x00000000c1c00000,0x00000000c34293c8,0x00000000c5480000)
 Metaspace       used 42473K, capacity 44232K, committed 44288K, reserved 1087488K
  class space    used 5283K, capacity 5618K, committed 5632K, reserved 1048576K

